<?xml version="1.0" encoding="UTF-8"?>
<!-- Generated by org.testng.reporters.JUnitReportReporter -->
<testsuite hostname="HAQUE2531" failures="0" tests="1" name="com.client.ShoppersStack.login.ShoppersLoginTest" time="3.405" errors="0" timestamp="2024-11-20T17:59:19 IST" skipped="0">
  <testcase classname="com.client.ShoppersStack.login.ShoppersLoginTest" name="loginTest" time="3.405"/>
</testsuite> <!-- com.client.ShoppersStack.login.ShoppersLoginTest -->
