<?xml version="1.0" encoding="UTF-8"?>
<!-- Generated by org.testng.reporters.JUnitReportReporter -->
<testsuite hostname="HAQUE2531" failures="0" tests="2" name="com.client.ShoppersStack.BackendApiTesting.ProductsTest" time="6.402" errors="0" timestamp="2024-12-09T10:18:04 IST" skipped="0">
  <testcase classname="com.client.ShoppersStack.BackendApiTesting.ProductsTest" name="viewProducts" time="2.470"/>
  <testcase classname="com.client.ShoppersStack.BackendApiTesting.ProductsTest" name="verifyProduct" time="3.932"/>
</testsuite> <!-- com.client.ShoppersStack.BackendApiTesting.ProductsTest -->
