<?xml version="1.0" encoding="UTF-8"?>
<!-- Generated by org.testng.reporters.JUnitReportReporter -->
<testsuite hostname="HAQUE2531" failures="0" tests="4" name="com.client.ShoppersStack.BackendApiTesting.ReviewTest" time="4.982" errors="0" timestamp="2024-12-09T10:18:04 IST" skipped="0">
  <testcase classname="com.client.ShoppersStack.BackendApiTesting.ReviewTest" name="addReviews" time="0.969"/>
  <testcase classname="com.client.ShoppersStack.BackendApiTesting.ReviewTest" name="getreviews" time="1.202"/>
  <testcase classname="com.client.ShoppersStack.BackendApiTesting.ReviewTest" name="updateReview" time="1.829"/>
  <testcase classname="com.client.ShoppersStack.BackendApiTesting.ReviewTest" name="deleteReview" time="0.982"/>
</testsuite> <!-- com.client.ShoppersStack.BackendApiTesting.ReviewTest -->
