<?xml version="1.0" encoding="UTF-8"?>
<!-- Generated by org.testng.reporters.JUnitReportReporter -->
<testsuite hostname="HAQUE2531" failures="0" tests="1" name="com.client.ShoppersStack.WishlistTest.AddToWishlistTest" time="0.777" errors="0" timestamp="2024-11-21T11:24:04 IST" skipped="0">
  <testcase classname="com.client.ShoppersStack.WishlistTest.AddToWishlistTest" name="addToWishlistTest" time="0.777"/>
</testsuite> <!-- com.client.ShoppersStack.WishlistTest.AddToWishlistTest -->
