<?xml version="1.0" encoding="UTF-8"?>
<!-- Generated by org.testng.reporters.JUnitReportReporter -->
<testsuite hostname="HAQUE2531" failures="0" tests="2" name="com.client.ShoppersStack.BackendApiTesting.WishlistTest" time="3.703" errors="0" timestamp="2024-12-09T10:18:04 IST" skipped="0">
  <testcase classname="com.client.ShoppersStack.BackendApiTesting.WishlistTest" name="addToWishlistTest" time="1.869"/>
  <testcase classname="com.client.ShoppersStack.BackendApiTesting.WishlistTest" name="deleteFromWishlist" time="1.834"/>
</testsuite> <!-- com.client.ShoppersStack.BackendApiTesting.WishlistTest -->
