<?xml version="1.0" encoding="UTF-8"?>
<!-- Generated by org.testng.reporters.JUnitReportReporter -->
<testsuite hostname="HAQUE2531" failures="0" tests="4" name="com.client.ShoppersStack.BackendApiTesting.AddressTest" time="8.890" errors="0" timestamp="2024-12-09T10:18:04 IST" skipped="0">
  <testcase classname="com.client.ShoppersStack.BackendApiTesting.AddressTest" name="addAddress" time="2.630"/>
  <testcase classname="com.client.ShoppersStack.BackendApiTesting.AddressTest" name="updateAddress" time="2.012"/>
  <testcase classname="com.client.ShoppersStack.BackendApiTesting.AddressTest" name="getParticularAddress" time="1.904"/>
  <testcase classname="com.client.ShoppersStack.BackendApiTesting.AddressTest" name="getAlladdresses" time="2.344"/>
</testsuite> <!-- com.client.ShoppersStack.BackendApiTesting.AddressTest -->
