<?xml version="1.0" encoding="UTF-8"?>
<!-- Generated by org.testng.reporters.JUnitReportReporter -->
<testsuite hostname="HAQUE2531" failures="0" tests="1" name="com.client.ShoppersStack.BackendApiTesting.CartTestWithGUI" time="14.875" errors="0" timestamp="2024-12-04T16:10:20 IST" skipped="0">
  <testcase classname="com.client.ShoppersStack.BackendApiTesting.CartTestWithGUI" name="addToCart" time="14.875"/>
</testsuite> <!-- com.client.ShoppersStack.BackendApiTesting.CartTestWithGUI -->
