<?xml version="1.0" encoding="UTF-8"?>
<!-- Generated by org.testng.reporters.JUnitReportReporter -->
<testsuite hostname="HAQUE2531" failures="0" tests="1" name="com.client.ShoppersStack.BackendApiTesting.DeleteTest" time="1.750" errors="0" timestamp="2024-12-09T10:18:04 IST" skipped="0">
  <testcase classname="com.client.ShoppersStack.BackendApiTesting.DeleteTest" name="deleteAddress" time="1.750"/>
</testsuite> <!-- com.client.ShoppersStack.BackendApiTesting.DeleteTest -->
