<?xml version="1.0" encoding="UTF-8"?>
<!-- Generated by org.testng.reporters.JUnitReportReporter -->
<testsuite hostname="HAQUE2531" failures="0" tests="2" name="com.client.ShoppersStack.BackendApiTesting.AddToWishlistTest" time="2.084" errors="0" timestamp="2024-11-21T17:42:21 IST" skipped="0">
  <testcase classname="com.client.ShoppersStack.BackendApiTesting.AddToWishlistTest" name="deleteFromWishlist" time="1.176"/>
  <testcase classname="com.client.ShoppersStack.BackendApiTesting.AddToWishlistTest" name="addToWishlistTest" time="0.908"/>
</testsuite> <!-- com.client.ShoppersStack.BackendApiTesting.AddToWishlistTest -->
