<?xml version="1.0" encoding="UTF-8"?>
<!-- Generated by org.testng.reporters.JUnitReportReporter -->
<testsuite hostname="HAQUE2531" failures="0" tests="3" name="com.client.ShoppersStack.BackendApiTesting.CartTest" time="7.560" errors="0" timestamp="2024-12-09T10:18:04 IST" skipped="0">
  <testcase classname="com.client.ShoppersStack.BackendApiTesting.CartTest" name="addToCart" time="2.308"/>
  <testcase classname="com.client.ShoppersStack.BackendApiTesting.CartTest" name="updateProdInCart" time="3.846"/>
  <testcase classname="com.client.ShoppersStack.BackendApiTesting.CartTest" name="getProductFromCart" time="1.406"/>
</testsuite> <!-- com.client.ShoppersStack.BackendApiTesting.CartTest -->
