<?xml version="1.0" encoding="UTF-8"?>
<!-- Generated by org.testng.reporters.JUnitReportReporter -->
<testsuite hostname="HAQUE2531" failures="0" tests="6" name="com.client.ShoppersStack.BackendApiTesting.PlaceOrder" time="3.791" errors="0" timestamp="2024-12-04T12:23:33 IST" skipped="0">
  <testcase classname="com.client.ShoppersStack.BackendApiTesting.PlaceOrder" name="addToCart" time="0.575"/>
  <testcase classname="com.client.ShoppersStack.BackendApiTesting.PlaceOrder" name="addAddress" time="0.656"/>
  <testcase classname="com.client.ShoppersStack.BackendApiTesting.PlaceOrder" name="placeOrderTest" time="0.664"/>
  <testcase classname="com.client.ShoppersStack.BackendApiTesting.PlaceOrder" name="displayOrderHistory" time="0.643"/>
  <testcase classname="com.client.ShoppersStack.BackendApiTesting.PlaceOrder" name="updateOrderStatus" time="0.606"/>
  <testcase classname="com.client.ShoppersStack.BackendApiTesting.PlaceOrder" name="generateInvoice" time="0.647"/>
</testsuite> <!-- com.client.ShoppersStack.BackendApiTesting.PlaceOrder -->
